<?xml version="1.0" encoding="utf-8"?>
<!DOCTYPE coverage SYSTEM "http://cobertura.sourceforge.net/xml/coverage-04.dtd">
<coverage line-rate="0.538461538461538" branch-rate="1" lines-covered="7" lines-valid="13" branches-covered="0" branches-valid="0" complexity="4" version="0" timestamp="1682098073">
  <sources>
    <source>C:\Users\Radostina Anastasova\</source>
  </sources>
  <packages>
    <package name="AppiumCalculatorTests" line-rate="0.538461538461538" branch-rate="1" complexity="4">
      <classes>
        <class name="AppiumCalculatorTests.CalculatorTests" filename="C:\Users\Radostina Anastasova\source\repos\AppiumCalculatorTest\AppiumCalculatorTest\CalculatorTests.cs" line-rate="0.583333333333333" branch-rate="1" complexity="3">
          <methods>
            <method name="OpenApplication" signature="()" line-rate="0.833333333333333" branch-rate="1" complexity="1">
              <lines>
                <line number="16" hits="1" branch="false" />
                <line number="17" hits="1" branch="false" />
                <line number="18" hits="1" branch="false" />
                <line number="19" hits="1" branch="false" />
                <line number="20" hits="1" branch="false" />
                <line number="21" hits="0" branch="false" />
              </lines>
            </method>
            <method name="CloseApplication" signature="()" line-rate="0.666666666666667" branch-rate="1" complexity="1">
              <lines>
                <line number="25" hits="1" branch="false" />
                <line number="26" hits="1" branch="false" />
                <line number="28" hits="0" branch="false" />
              </lines>
            </method>
            <method name="Test1" signature="()" line-rate="0" branch-rate="1" complexity="1">
              <lines>
                <line number="32" hits="0" branch="false" />
                <line number="33" hits="0" branch="false" />
                <line number="34" hits="0" branch="false" />
              </lines>
            </method>
          </methods>
          <lines>
            <line number="16" hits="1" branch="false" />
            <line number="17" hits="1" branch="false" />
            <line number="18" hits="1" branch="false" />
            <line number="19" hits="1" branch="false" />
            <line number="20" hits="1" branch="false" />
            <line number="21" hits="0" branch="false" />
            <line number="25" hits="1" branch="false" />
            <line number="26" hits="1" branch="false" />
            <line number="28" hits="0" branch="false" />
            <line number="32" hits="0" branch="false" />
            <line number="33" hits="0" branch="false" />
            <line number="34" hits="0" branch="false" />
          </lines>
        </class>
        <class name="AutoGeneratedProgram" filename="C:\Users\Radostina Anastasova\.nuget\packages\microsoft.net.test.sdk\17.5.0\build\netcoreapp3.1\Microsoft.NET.Test.Sdk.Program.cs" line-rate="0" branch-rate="1" complexity="1">
          <methods>
            <method name="Main" signature="(...)" line-rate="0" branch-rate="1" complexity="1">
              <lines>
                <line number="4" hits="0" branch="false" />
              </lines>
            </method>
          </methods>
          <lines>
            <line number="4" hits="0" branch="false" />
          </lines>
        </class>
      </classes>
    </package>
  </packages>
</coverage>